c:\school\quarter 7\sp16_cg_jkauer\lab05 - shadows\squidley\debug\tmp\astarcomponent.obj
c:\school\quarter 7\sp16_cg_jkauer\lab05 - shadows\squidley\debug\tmp\wanderbehaviorcomponent.obj
c:\school\quarter 7\sp16_cg_jkauer\lab05 - shadows\squidley\debug\tmp\keyboardcomponent.obj
c:\school\quarter 7\sp16_cg_jkauer\lab05 - shadows\squidley\debug\tmp\pathentity.obj
c:\school\quarter 7\sp16_cg_jkauer\lab05 - shadows\squidley\debug\tmp\entity.obj
c:\school\quarter 7\sp16_cg_jkauer\lab05 - shadows\squidley\debug\tmp\mygame.obj
c:\school\quarter 7\sp16_cg_jkauer\lab05 - shadows\squidley\debug\tmp\reader.obj
c:\school\quarter 7\sp16_cg_jkauer\lab05 - shadows\squidley\debug\tmp\evadebehaviorcomponent.obj
c:\school\quarter 7\sp16_cg_jkauer\lab05 - shadows\squidley\debug\tmp\interposebehaviorcomponent.obj
c:\school\quarter 7\sp16_cg_jkauer\lab05 - shadows\squidley\debug\tmp\debugslider_moc.obj
c:\school\quarter 7\sp16_cg_jkauer\lab05 - shadows\squidley\debug\tmp\spatialcomponent.obj
c:\school\quarter 7\sp16_cg_jkauer\lab05 - shadows\squidley\debug\tmp\entitymanager.obj
c:\school\quarter 7\sp16_cg_jkauer\lab05 - shadows\squidley\debug\tmp\fragmentshaderinfo.obj
c:\school\quarter 7\sp16_cg_jkauer\lab05 - shadows\squidley\debug\tmp\gametime.obj
c:\school\quarter 7\sp16_cg_jkauer\lab05 - shadows\squidley\debug\tmp\myglwindow.obj
c:\school\quarter 7\sp16_cg_jkauer\lab05 - shadows\squidley\debug\tmp\ray.obj
c:\school\quarter 7\sp16_cg_jkauer\lab05 - shadows\squidley\debug\tmp\textureinfo.obj
c:\school\quarter 7\sp16_cg_jkauer\lab05 - shadows\squidley\debug\tmp\flockingbehaviorcomponent.obj
c:\school\quarter 7\sp16_cg_jkauer\lab05 - shadows\squidley\debug\tmp\seekbehaviorcomponent.obj
c:\school\quarter 7\sp16_cg_jkauer\lab05 - shadows\squidley\debug\tmp\component.obj
c:\school\quarter 7\sp16_cg_jkauer\lab05 - shadows\squidley\debug\tmp\gravitycomponent.obj
c:\school\quarter 7\sp16_cg_jkauer\lab05 - shadows\squidley\debug\tmp\phasercomponent.obj
c:\school\quarter 7\sp16_cg_jkauer\lab05 - shadows\squidley\debug\tmp\renderablecomponent.obj
c:\school\quarter 7\sp16_cg_jkauer\lab05 - shadows\squidley\debug\tmp\flockentity.obj
c:\school\quarter 7\sp16_cg_jkauer\lab05 - shadows\squidley\debug\tmp\redwaypointentity.obj
c:\school\quarter 7\sp16_cg_jkauer\lab05 - shadows\squidley\debug\tmp\main.obj
c:\school\quarter 7\sp16_cg_jkauer\lab05 - shadows\squidley\debug\tmp\listnode.obj
c:\school\quarter 7\sp16_cg_jkauer\lab05 - shadows\squidley\debug\tmp\pathfinding.obj
c:\school\quarter 7\sp16_cg_jkauer\lab05 - shadows\squidley\debug\tmp\buffermanager.obj
c:\school\quarter 7\sp16_cg_jkauer\lab05 - shadows\squidley\debug\tmp\vertexshaderinfo.obj
c:\school\quarter 7\sp16_cg_jkauer\lab05 - shadows\squidley\debug\tmp\configreader.obj
c:\school\quarter 7\sp16_cg_jkauer\lab05 - shadows\squidley\debug\tmp\cameracomponent.obj
c:\school\quarter 7\sp16_cg_jkauer\lab05 - shadows\squidley\debug\tmp\movementcomponent.obj
c:\school\quarter 7\sp16_cg_jkauer\lab05 - shadows\squidley\debug\tmp\bluewaypointentity.obj
c:\school\quarter 7\sp16_cg_jkauer\lab05 - shadows\squidley\debug\tmp\redplayerentity.obj
c:\school\quarter 7\sp16_cg_jkauer\lab05 - shadows\squidley\debug\tmp\geometry.obj
c:\school\quarter 7\sp16_cg_jkauer\lab05 - shadows\squidley\debug\tmp\list.obj
c:\school\quarter 7\sp16_cg_jkauer\lab05 - shadows\squidley\debug\tmp\mywidget.obj
c:\school\quarter 7\sp16_cg_jkauer\lab05 - shadows\squidley\debug\tmp\bufferinfo.obj
c:\school\quarter 7\sp16_cg_jkauer\lab05 - shadows\squidley\debug\tmp\transforminfo.obj
c:\school\quarter 7\sp16_cg_jkauer\lab05 - shadows\squidley\debug\tmp\fleebehaviorcomponent.obj
c:\school\quarter 7\sp16_cg_jkauer\lab05 - shadows\squidley\debug\tmp\steeringbehaviors.obj
c:\school\quarter 7\sp16_cg_jkauer\lab05 - shadows\squidley\debug\tmp\boundingboxcomponent.obj
c:\school\quarter 7\sp16_cg_jkauer\lab05 - shadows\squidley\debug\tmp\mousecomponent.obj
c:\school\quarter 7\sp16_cg_jkauer\lab05 - shadows\squidley\debug\tmp\blueplayerentity.obj
c:\school\quarter 7\sp16_cg_jkauer\lab05 - shadows\squidley\debug\tmp\playerentity.obj
c:\school\quarter 7\sp16_cg_jkauer\lab05 - shadows\squidley\debug\tmp\myglwindow_moc.obj
c:\school\quarter 7\sp16_cg_jkauer\lab05 - shadows\squidley\debug\tmp\random.obj
c:\school\quarter 7\sp16_cg_jkauer\lab05 - shadows\squidley\debug\tmp\renderable.obj
c:\school\quarter 7\sp16_cg_jkauer\lab05 - shadows\squidley\debug\tmp\shapegenerator.obj
c:\school\quarter 7\sp16_cg_jkauer\lab05 - shadows\squidley\debug\tmp\arrivalbehaviorcomponent.obj
c:\school\quarter 7\sp16_cg_jkauer\lab05 - shadows\squidley\debug\tmp\pursuitbehaviorcomponent.obj
c:\school\quarter 7\sp16_cg_jkauer\lab05 - shadows\squidley\debug\tmp\debugslider.obj
c:\school\quarter 7\sp16_cg_jkauer\lab05 - shadows\squidley\debug\tmp\flagentity.obj
c:\school\quarter 7\sp16_cg_jkauer\lab05 - shadows\squidley\debug\tmp\interposeentity.obj
c:\school\quarter 7\sp16_cg_jkauer\lab05 - shadows\squidley\debug\tmp\seekentity.obj
c:\school\quarter 7\sp16_cg_jkauer\lab05 - shadows\squidley\debug\tmp\logger.obj
c:\school\quarter 7\sp16_cg_jkauer\lab05 - shadows\squidley\debug\tmp\mywidget_moc.obj
c:\school\quarter 7\sp16_cg_jkauer\lab05 - shadows\squidley\debug\tmp\nodemap.obj
c:\school\quarter 7\sp16_cg_jkauer\lab05 - shadows\squidley\debug\tmp\renderengine.obj
c:\school\quarter 7\sp16_cg_jkauer\lab05 - shadows\squidley\debug\tmp\vc140.pdb
c:\school\quarter 7\sp16_cg_jkauer\lab05 - shadows\squidley\debug\tmp\vc140.idb
c:\school\quarter 7\sp16_cg_jkauer\lab05 - shadows\debug\squidley.ilk
c:\school\quarter 7\sp16_cg_jkauer\lab05 - shadows\debug\squidley.exe
c:\school\quarter 7\sp16_cg_jkauer\lab05 - shadows\debug\squidley.pdb
c:\school\quarter 7\sp16_cg_jkauer\lab05 - shadows\squidley\debug\tmp\squidley.res
c:\school\quarter 7\sp16_cg_jkauer\lab05 - shadows\squidley\debug\tmp\squidley.tlog\cl.command.1.tlog
c:\school\quarter 7\sp16_cg_jkauer\lab05 - shadows\squidley\debug\tmp\squidley.tlog\cl.read.1.tlog
c:\school\quarter 7\sp16_cg_jkauer\lab05 - shadows\squidley\debug\tmp\squidley.tlog\cl.write.1.tlog
c:\school\quarter 7\sp16_cg_jkauer\lab05 - shadows\squidley\debug\tmp\squidley.tlog\link.command.1.tlog
c:\school\quarter 7\sp16_cg_jkauer\lab05 - shadows\squidley\debug\tmp\squidley.tlog\link.read.1.tlog
c:\school\quarter 7\sp16_cg_jkauer\lab05 - shadows\squidley\debug\tmp\squidley.tlog\link.write.1.tlog
c:\school\quarter 7\sp16_cg_jkauer\lab05 - shadows\squidley\debug\tmp\squidley.tlog\rc.command.1.tlog
c:\school\quarter 7\sp16_cg_jkauer\lab05 - shadows\squidley\debug\tmp\squidley.tlog\rc.read.1.tlog
c:\school\quarter 7\sp16_cg_jkauer\lab05 - shadows\squidley\debug\tmp\squidley.tlog\rc.write.1.tlog
