Build started 5/17/2016 9:51:33 PM.
     1>Project "C:\School\Quarter 7\sp16_cg_jkauer\Lab04 - CubeMap\Squidley\Squidley.vcxproj" on node 2 (Build target(s)).
     1>ClCompile:
         C:\Program Files (x86)\Microsoft Visual Studio 14.0\VC\bin\CL.exe /c /I"C:\School\Quarter 7\sp16_cg_jkauer\Lab04 - CubeMap\..\MiddleWare\Qt\include" /I"C:\School\Quarter 7\sp16_cg_jkauer\Lab04 - CubeMap\..\MiddleWare\glew\include" /I"C:\School\Quarter 7\sp16_cg_jkauer\Lab04 - CubeMap\..\MiddleWare\glm" /ZI /nologo /W4 /WX- /MP /Od /Oy- /D WIN32 /D _DEBUG /D _CONSOLE /D _LIB /D _UNICODE /D UNICODE /Gm- /EHsc /RTC1 /MDd /GS /fp:precise /Zc:wchar_t /Zc:forScope /Zc:inline /GR /Fo"Debug\Tmp\\" /Fd"Debug\Tmp\vc140.pdb" /Gd /TP /analyze- /errorReport:prompt ..\ObjConverter\ConfigReader.cpp BehaviorComponents\ArrivalBehaviorComponent.cpp BehaviorComponents\AStarComponent.cpp BehaviorComponents\EvadeBehaviorComponent.cpp BehaviorComponents\FleeBehaviorComponent.cpp BehaviorComponents\FlockingBehaviorComponent.cpp BehaviorComponents\InterposeBehaviorComponent.cpp BehaviorComponents\PursuitBehaviorComponent.cpp BehaviorComponents\SeekBehaviorComponent.cpp BehaviorComponents\SteeringBehaviors.cpp BehaviorComponents\WanderBehaviorComponent.cpp DebugSlider.cpp DebugSlider_moc.cpp ECS\Component.cpp ECS\Components\BoundingBoxComponent.cpp ECS\Components\CameraComponent.cpp ECS\Components\GravityComponent.cpp ECS\Components\KeyboardComponent.cpp ECS\Components\MouseComponent.cpp ECS\Components\MovementComponent.cpp ECS\Components\PhaserComponent.cpp ECS\Components\RenderableComponent.cpp ECS\Components\SpatialComponent.cpp ECS\Entities\FlagEntity.cpp ECS\Entities\BluePlayerEntity.cpp ECS\Entities\BlueWaypointEntity.cpp ECS\Entities\FlockEntity.cpp ECS\Entities\InterposeEntity.cpp ECS\Entities\PathEntity.cpp ECS\Entities\PlayerEntity.cpp ECS\Entities\RedPlayerEntity.cpp ECS\Entities\RedWaypointEntity.cpp ECS\Entities\SeekEntity.cpp ECS\Entity.cpp ECS\EntityManager.cpp FragmentShaderInfo.cpp GameTime.cpp Geometry.cpp List.cpp Logger.cpp main.cpp MyGame.cpp MyGlWindow.cpp MyGlWindow_moc.cpp MyWidget.cpp MyWidget_moc.cpp ListNode.cpp Nodes\NodeMap.cpp PathFinding.cpp Random.cpp Ray.cpp Reader.cpp Renderable.cpp RenderEngine\BufferInfo.cpp RenderEngine\BufferManager.cpp RenderEngine\RenderEngine.cpp ShapeGenerator.cpp TextureInfo.cpp TransformInfo.cpp VertexShaderInfo.cpp
         ConfigReader.cpp
         ArrivalBehaviorComponent.cpp
         AStarComponent.cpp
         EvadeBehaviorComponent.cpp
         FleeBehaviorComponent.cpp
         FlockingBehaviorComponent.cpp
         InterposeBehaviorComponent.cpp
         PursuitBehaviorComponent.cpp
         SeekBehaviorComponent.cpp
         SteeringBehaviors.cpp
         WanderBehaviorComponent.cpp
         DebugSlider.cpp
         DebugSlider_moc.cpp
         Component.cpp
         BoundingBoxComponent.cpp
         CameraComponent.cpp
         GravityComponent.cpp
         KeyboardComponent.cpp
         MouseComponent.cpp
         MovementComponent.cpp
         PhaserComponent.cpp
         RenderableComponent.cpp
         SpatialComponent.cpp
         FlagEntity.cpp
         BluePlayerEntity.cpp
         BlueWaypointEntity.cpp
         FlockEntity.cpp
         InterposeEntity.cpp
         PathEntity.cpp
         PlayerEntity.cpp
         RedPlayerEntity.cpp
         RedWaypointEntity.cpp
         SeekEntity.cpp
         Entity.cpp
         EntityManager.cpp
         FragmentShaderInfo.cpp
         GameTime.cpp
         Geometry.cpp
         List.cpp
         Logger.cpp
         main.cpp
         MyGame.cpp
         MyGlWindow.cpp
         MyGlWindow_moc.cpp
         MyWidget.cpp
         MyWidget_moc.cpp
         ListNode.cpp
         NodeMap.cpp
         PathFinding.cpp
         Random.cpp
         Ray.cpp
         Reader.cpp
         Renderable.cpp
         BufferInfo.cpp
         BufferManager.cpp
         RenderEngine.cpp
         ShapeGenerator.cpp
         TextureInfo.cpp
         TransformInfo.cpp
         VertexShaderInfo.cpp
       ResourceCompile:
         C:\Program Files (x86)\Windows Kits\8.1\bin\x86\rc.exe /D _UNICODE /D UNICODE /l"0x0409" /nologo /fo"Debug\Tmp\Squidley.res" Squidley.rc 
       Link:
         C:\Program Files (x86)\Microsoft Visual Studio 14.0\VC\bin\link.exe /ERRORREPORT:PROMPT /OUT:"C:\School\Quarter 7\sp16_cg_jkauer\Lab04 - CubeMap\Debug\Squidley.exe" /INCREMENTAL /NOLOGO /LIBPATH:"C:\School\Quarter 7\sp16_cg_jkauer\Lab04 - CubeMap\..\Middleware\Qt\lib" /LIBPATH:"C:\School\Quarter 7\sp16_cg_jkauer\Lab04 - CubeMap\..\Middleware\glew\lib" opengl32.lib glew32d.lib QtCored4.lib QtGuid4.lib QtOpenGLd4.lib kernel32.lib user32.lib gdi32.lib winspool.lib comdlg32.lib advapi32.lib shell32.lib ole32.lib oleaut32.lib uuid.lib odbc32.lib odbccp32.lib kernel32.lib user32.lib gdi32.lib winspool.lib comdlg32.lib advapi32.lib shell32.lib ole32.lib oleaut32.lib uuid.lib odbc32.lib odbccp32.lib /MANIFEST /MANIFESTUAC:"level='asInvoker' uiAccess='false'" /manifest:embed /Debug /PDB:"C:\School\Quarter 7\sp16_cg_jkauer\Lab04 - CubeMap\Debug\Squidley.pdb" /SUBSYSTEM:CONSOLE /TLBID:1 /DYNAMICBASE /NXCOMPAT /IMPLIB:"C:\School\Quarter 7\sp16_cg_jkauer\Lab04 - CubeMap\Debug\Squidley.lib" /MACHINE:X86 Debug\Tmp\Squidley.res
         Debug\Tmp\ConfigReader.obj
         Debug\Tmp\ArrivalBehaviorComponent.obj
         Debug\Tmp\AStarComponent.obj
         Debug\Tmp\EvadeBehaviorComponent.obj
         Debug\Tmp\FleeBehaviorComponent.obj
         Debug\Tmp\FlockingBehaviorComponent.obj
         Debug\Tmp\InterposeBehaviorComponent.obj
         Debug\Tmp\PursuitBehaviorComponent.obj
         Debug\Tmp\SeekBehaviorComponent.obj
         Debug\Tmp\SteeringBehaviors.obj
         Debug\Tmp\WanderBehaviorComponent.obj
         Debug\Tmp\DebugSlider.obj
         Debug\Tmp\DebugSlider_moc.obj
         Debug\Tmp\Component.obj
         Debug\Tmp\BoundingBoxComponent.obj
         Debug\Tmp\CameraComponent.obj
         Debug\Tmp\GravityComponent.obj
         Debug\Tmp\KeyboardComponent.obj
         Debug\Tmp\MouseComponent.obj
         Debug\Tmp\MovementComponent.obj
         Debug\Tmp\PhaserComponent.obj
         Debug\Tmp\RenderableComponent.obj
         Debug\Tmp\SpatialComponent.obj
         Debug\Tmp\FlagEntity.obj
         Debug\Tmp\BluePlayerEntity.obj
         Debug\Tmp\BlueWaypointEntity.obj
         Debug\Tmp\FlockEntity.obj
         Debug\Tmp\InterposeEntity.obj
         Debug\Tmp\PathEntity.obj
         Debug\Tmp\PlayerEntity.obj
         Debug\Tmp\RedPlayerEntity.obj
         Debug\Tmp\RedWaypointEntity.obj
         Debug\Tmp\SeekEntity.obj
         Debug\Tmp\Entity.obj
         Debug\Tmp\EntityManager.obj
         Debug\Tmp\FragmentShaderInfo.obj
         Debug\Tmp\GameTime.obj
         Debug\Tmp\Geometry.obj
         Debug\Tmp\List.obj
         Debug\Tmp\Logger.obj
         Debug\Tmp\main.obj
         Debug\Tmp\MyGame.obj
         Debug\Tmp\MyGlWindow.obj
         Debug\Tmp\MyGlWindow_moc.obj
         Debug\Tmp\MyWidget.obj
         Debug\Tmp\MyWidget_moc.obj
         Debug\Tmp\ListNode.obj
         Debug\Tmp\NodeMap.obj
         Debug\Tmp\PathFinding.obj
         Debug\Tmp\Random.obj
         Debug\Tmp\Ray.obj
         Debug\Tmp\Reader.obj
         Debug\Tmp\Renderable.obj
         Debug\Tmp\BufferInfo.obj
         Debug\Tmp\BufferManager.obj
         Debug\Tmp\RenderEngine.obj
         Debug\Tmp\ShapeGenerator.obj
         Debug\Tmp\TextureInfo.obj
         Debug\Tmp\TransformInfo.obj
         Debug\Tmp\VertexShaderInfo.obj
         Squidley.vcxproj -> C:\School\Quarter 7\sp16_cg_jkauer\Lab04 - CubeMap\Debug\Squidley.exe
     1>Done Building Project "C:\School\Quarter 7\sp16_cg_jkauer\Lab04 - CubeMap\Squidley\Squidley.vcxproj" (Build target(s)).

Build succeeded.

Time Elapsed 00:00:11.02
