  ConfigReader.cpp
  ArrivalBehaviorComponent.cpp
  AStarComponent.cpp
  EvadeBehaviorComponent.cpp
  FleeBehaviorComponent.cpp
  FlockingBehaviorComponent.cpp
  InterposeBehaviorComponent.cpp
  PursuitBehaviorComponent.cpp
  SeekBehaviorComponent.cpp
  SteeringBehaviors.cpp
  WanderBehaviorComponent.cpp
  DebugSlider.cpp
  DebugSlider_moc.cpp
  Component.cpp
  BoundingBoxComponent.cpp
  CameraComponent.cpp
  GravityComponent.cpp
  KeyboardComponent.cpp
  MouseComponent.cpp
  MovementComponent.cpp
  PhaserComponent.cpp
  RenderableComponent.cpp
  SpatialComponent.cpp
  FlagEntity.cpp
  BluePlayerEntity.cpp
  BlueWaypointEntity.cpp
  FlockEntity.cpp
  InterposeEntity.cpp
  PathEntity.cpp
  PlayerEntity.cpp
  RedPlayerEntity.cpp
  RedWaypointEntity.cpp
  SeekEntity.cpp
  Entity.cpp
  EntityManager.cpp
  FragmentShaderInfo.cpp
  GameTime.cpp
  Geometry.cpp
  List.cpp
  Logger.cpp
  main.cpp
  MyGame.cpp
  MyGlWindow.cpp
  MyGlWindow_moc.cpp
  MyWidget.cpp
  MyWidget_moc.cpp
  ListNode.cpp
  NodeMap.cpp
  PathFinding.cpp
  Random.cpp
  Ray.cpp
  Reader.cpp
  Renderable.cpp
  BufferInfo.cpp
  BufferManager.cpp
  RenderEngine.cpp
  ShapeGenerator.cpp
  TextureInfo.cpp
  TransformInfo.cpp
  VertexShaderInfo.cpp
c:\program files (x86)\microsoft visual studio\2017\enterprise\vc\tools\msvc\14.12.25827\include\xutility(2888): warning C4244: '=': conversion from 'const int' to 'char', possible loss of data (compiling source file Nodes\NodeMap.cpp)
  c:\program files (x86)\microsoft visual studio\2017\enterprise\vc\tools\msvc\14.12.25827\include\xutility(2902): note: see reference to function template instantiation 'void std::_Fill_unchecked1<_FwdIt,_Ty>(_FwdIt,_FwdIt,const _Ty &,std::false_type)' being compiled
          with
          [
              _FwdIt=char *,
              _Ty=int
          ] (compiling source file Nodes\NodeMap.cpp)
  c:\program files (x86)\microsoft visual studio\2017\enterprise\vc\tools\msvc\14.12.25827\include\xutility(2910): note: see reference to function template instantiation 'void std::_Fill_unchecked<_Iter,_Ty>(_FwdIt,_FwdIt,const _Ty &)' being compiled
          with
          [
              _Iter=char *,
              _Ty=int,
              _FwdIt=char *
          ] (compiling source file Nodes\NodeMap.cpp)
  e:\oldengine\lab07 - normal mapping\squidley\nodes\nodemap.cpp(23): note: see reference to function template instantiation 'void std::fill<char*,int>(_FwdIt,_FwdIt,const _Ty &)' being compiled
          with
          [
              _FwdIt=char *,
              _Ty=int
          ]
c:\program files (x86)\microsoft visual studio\2017\enterprise\vc\tools\msvc\14.12.25827\include\xutility(2888): warning C4244: '=': conversion from 'const int' to 'char', possible loss of data (compiling source file Reader.cpp)
  c:\program files (x86)\microsoft visual studio\2017\enterprise\vc\tools\msvc\14.12.25827\include\xutility(2902): note: see reference to function template instantiation 'void std::_Fill_unchecked1<_FwdIt,_Ty>(_FwdIt,_FwdIt,const _Ty &,std::false_type)' being compiled
          with
          [
              _FwdIt=char *,
              _Ty=int
          ] (compiling source file Reader.cpp)
  c:\program files (x86)\microsoft visual studio\2017\enterprise\vc\tools\msvc\14.12.25827\include\xutility(2910): note: see reference to function template instantiation 'void std::_Fill_unchecked<_Iter,_Ty>(_FwdIt,_FwdIt,const _Ty &)' being compiled
          with
          [
              _Iter=char *,
              _Ty=int,
              _FwdIt=char *
          ] (compiling source file Reader.cpp)
  e:\oldengine\lab07 - normal mapping\squidley\reader.cpp(18): note: see reference to function template instantiation 'void std::fill<char*,int>(_FwdIt,_FwdIt,const _Ty &)' being compiled
          with
          [
              _FwdIt=char *,
              _Ty=int
          ]
  Squidley.vcxproj -> E:\OldEngine\Lab07 - Normal Mapping\Debug\Squidley.exe
